Runner object:
  Place = 1
  Div/Total = Jan-48
  Num = Joshua Kemei
  Name = 9
  Age = 22
  Hometown = Kenya . 
  Gun = 1728 
  Net = 28:47# 
  Pace = 278 
  Sex = Male 

Runner object:
  Place = 2
  Div/Total = Feb-48
  Num = George Kirwa Misoi
  Name = 35
  Age = 22
  Hometown = Kenya . 
  Gun = 1751 
  Net = 29:10# 
  Pace = 282 
  Sex = Male 

Runner object:
  Place = 3
  Div/Total = Mar-48
  Num = Jacob Frey
  Name = 3
  Age = 24
  Hometown = Oakton VA 
  Gun = 1778 
  Net = 29:37# 
  Pace = 286 
  Sex = Male 

Runner object:
  Place = 4
  Div/Total = Jan-96
  Num = Gurmessa Kumsa
  Name = 49
  Age = 27
  Hometown = Oxon Hill MD 
  Gun = 1786 
  Net = 29:46# 
  Pace = 288 
  Sex = Male 

Runner object:
  Place = 10
  Div/Total = Jan-45
  Num = Dema Woyessa
  Name = 50
  Age = 19
  Hometown = Oxon Hill MD 
  Gun = 1950 
  Net = 32:30* 
  Pace = 314 
  Sex = Male 

Runner object:
  Place = 15
  Div/Total = 1/201
  Num = Mark Malander
  Name = 15
  Age = 48
  Hometown = Herndon VA 
  Gun = 1987 
  Net = 33:06* 
  Pace = 320 
  Sex = Male 

Runner object:
  Place = 17
  Div/Total = Feb-45
  Num = Nick Bax
  Name = 565
  Age = 15
  Hometown = Bethesda MD 
  Gun = 2001 
  Net = 33:18* 
  Pace = 322 
  Sex = Male 

Runner object:
  Place = 20
  Div/Total = 1/132
  Num = Terry Permar
  Name = 2135
  Age = 51
  Hometown = Perkasie PA 
  Gun = 2022 
  Net = 33:42* 
  Pace = 326 
  Sex = Male 

Runner object:
  Place = 25
  Div/Total = 2/201
  Num = George Buckheit
  Name = 41
  Age = 48
  Hometown = Reson VA 
  Gun = 2065 
  Net = 34:23* 
  Pace = 332 
  Sex = Male 

Runner object:
  Place = 28
  Div/Total = 2/132
  Num = Dan Lawson
  Name = 17
  Age = 50
  Hometown = Gaithersburg MD 
  Gun = 2069 
  Net = 34:29* 
  Pace = 333 
  Sex = Male 

Runner object:
  Place = 30
  Div/Total = May-45
  Num = Neal Darmody
  Name = 897
  Age = 16
  Hometown = Gaithersburg MD 
  Gun = 2080 
  Net = 34:38* 
  Pace = 335 
  Sex = Male 

Runner object:
  Place = 62
  Div/Total = Jan-73
  Num = Richard Adams
  Name = 442
  Age = 55
  Hometown = Herndon VA 
  Gun = 2244 
  Net = 37:22* 
  Pace = 361 
  Sex = Male 

Runner object:
  Place = 66
  Div/Total = Feb-73
  Num = Timothy Morgan
  Name = 1961
  Age = 55
  Hometown = Damascus MD 
  Gun = 2252 
  Net = 37:30* 
  Pace = 363 
  Sex = Male 

Runner object:
  Place = 68
  Div/Total = Jan-50
  Num = Patrick Griffith
  Name = 19
  Age = 61
  Hometown = Alexandria VA 
  Gun = 2259 
  Net = 37:39* 
  Pace = 364 
  Sex = Male 

Runner object:
  Place = 71
  Div/Total = Mar-73
  Num = Jim Wright
  Name = 29
  Age = 56
  Hometown = Gaithersburg MD 
  Gun = 2278 
  Net = 37:55* 
  Pace = 367 
  Sex = Male 

Runner object:
  Place = 72
  Div/Total = Apr-73
  Num = Steve Ruckert
  Name = 2327
  Age = 56
  Hometown = Woodbine MD 
  Gun = 2279 
  Net = 37:58* 
  Pace = 367 
  Sex = Male 

Runner object:
  Place = 142
  Div/Total = 19-Jan
  Num = John Elliott
  Name = 23
  Age = 67
  Hometown = Columbia MD 
  Gun = 2513 
  Net = 41:47* 
  Pace = 404 
  Sex = Male 

Runner object:
  Place = 299
  Div/Total = 3-Jan
  Num = Skip Grant
  Name = 1272
  Age = 70
  Hometown = Silver Spring MD 
  Gun = 2721 
  Net = 45:16* 
  Pace = 438 
  Sex = Male 

Runner object:
  Place = 607
  Div/Total = 6-Jan
  Num = Jack Mcmahon
  Name = 1892
  Age = 75
  Hometown = Rockville MD 
  Gun = 3059 
  Net = 50:54* 
  Pace = 492 
  Sex = Male 

Runner object:
  Place = 725
  Div/Total = 
  Num = Alan Nadelbach
  Name = 1999
  Age = 
  Hometown = Columbia MD 
  Gun = 3256 
  Net = 3176 
  Pace = 512 
  Sex = Male 

Runner object:
  Place = 878
  Div/Total = 6-Feb
  Num = Thomas Brown
  Name = 2894
  Age = 75
  Hometown = Potomac MD 
  Gun = 3586 
  Net = 56:16* 
  Pace = 544 
  Sex = Male 

Runner object:
  Place = 879
  Div/Total = 6-Mar
  Num = Nianxiang Xie
  Name = 2822
  Age = 78
  Hometown = Rockville MD 
  Gun = 3382 
  Net = 56:17* 
  Pace = 544 
  Sex = Male 

Runner object:
  Place = 1026
  Div/Total = 6-Apr
  Num = George Waxter
  Name = 2734
  Age = 75
  Hometown = Frederick MD 
  Gun = 60 
  Net = 59:13* 
  Pace = 572 
  Sex = Male 

Runner object:
  Place = 1231
  Div/Total = 2-Jan
  Num = Raymond Palfrey
  Name = 2092
  Age = 81
  Hometown = Springfield VA 
  Gun = 78 
  Net = 1:12:56* 
  Pace = 705 
  Sex = Male 

Runner object:
  Place = 1237
  Div/Total = 2-Feb
  Num = Frank Pierce
  Name = 2152
  Age = 84
  Hometown = Silver Spring MD 
  Gun = 74 
  Net = 1:14:23* 
  Pace = 719 
  Sex = Male 

Invalid Male Runners Count: 25
Runner object:
  Place = 1
  Div/Total = Jan-86
  Num = Florence Jepkosgei
  Name = 30
  Age = 22
  Hometown = Kenya . 
  Gun = 1979 
  Net = 32:58# 
  Pace = 319 
  Sex = Female 

Runner object:
  Place = 2
  Div/Total = Feb-86
  Num = Eunice Chepkirui
  Name = 8
  Age = 21
  Hometown = Kenya . 
  Gun = 1994 
  Net = 33:13# 
  Pace = 321 
  Sex = Female 

Runner object:
  Place = 3
  Div/Total = 1/247
  Num = Elena Orlova
  Name = 3200
  Age = 36
  Hometown = Gaithersburg MD 
  Gun = 2066 
  Net = 34:25# 
  Pace = 333 
  Sex = Female 

Runner object:
  Place = 4
  Div/Total = 1/173
  Num = Susannah Kvasnicka
  Name = 2
  Age = 34
  Hometown = Great Falls VA 
  Gun = 2083 
  Net = 34:42# 
  Pace = 335 
  Sex = Female 

Runner object:
  Place = 6
  Div/Total = 1/110
  Num = Lyubov Kremleva
  Name = 28
  Age = 45
  Hometown = Russia . 
  Gun = 2105 
  Net = 35:04* 
  Pace = 339 
  Sex = Female 

Runner object:
  Place = 10
  Div/Total = 26-Jan
  Num = Anya Oleynik
  Name = 2062
  Age = 17
  Hometown = Gaithersburg MD 
  Gun = 2280 
  Net = 37:59* 
  Pace = 367 
  Sex = Female 

Runner object:
  Place = 15
  Div/Total = 2/110
  Num = Cindy Conant
  Name = 834
  Age = 45
  Hometown = Kensington MD 
  Gun = 2376 
  Net = 39:34* 
  Pace = 382 
  Sex = Female 

Runner object:
  Place = 23
  Div/Total = Jan-76
  Num = Alison Suckling
  Name = 2581
  Age = 50
  Hometown = Arnold MD 
  Gun = 2444 
  Net = 40:42* 
  Pace = 393 
  Sex = Female 

Runner object:
  Place = 24
  Div/Total = 3/110
  Num = Liliana Baron
  Name = 2940
  Age = 47
  Hometown = Potomac MD 
  Gun = 2446 
  Net = 40:43* 
  Pace = 394 
  Sex = Female 

Runner object:
  Place = 31
  Div/Total = 5/173
  Num = Emily Pierce
  Name = 2153
  Age = 30
  Hometown = Silver Spring M 
  Gun = D   42:03 
  Net = 2516 
  Pace = 405 
  Sex = Female 

Runner object:
  Place = 34
  Div/Total = Jul-86
  Num = Marycolle Mcallister
  Name = 1852
  Age = 22
  Hometown = Silver Spring M 
  Gun = D   43:24 
  Net = 2539 
  Pace = 409 
  Sex = Female 

Runner object:
  Place = 38
  Div/Total = 7/247
  Num = Christina Kichula
  Name = 1561
  Age = 35
  Hometown = Silver Spring M 
  Gun = D   44:00 
  Net = 2578 
  Pace = 415 
  Sex = Female 

Runner object:
  Place = 41
  Div/Total = Feb-76
  Num = Amy Subar
  Name = 2578
  Age = 50
  Hometown = Potomac MD 
  Gun = 2687 
  Net = 43:38* 
  Pace = 422 
  Sex = Female 

Runner object:
  Place = 46
  Div/Total = 10/247
  Num = Paige Waterman
  Name = 2727
  Age = 38
  Hometown = Silver Spring M 
  Gun = D   45:01 
  Net = 2631 
  Pace = 424 
  Sex = Female 

Runner object:
  Place = 59
  Div/Total = 26-Jul
  Num = Krisztina Larson
  Name = 1655
  Age = 19
  Hometown = Silver Spring M 
  Gun = D   46:03 
  Net = 2699 
  Pace = 435 
  Sex = Female 

Runner object:
  Place = 62
  Div/Total = 28-Jan
  Num = Alice Franks
  Name = 152
  Age = 57
  Hometown = Rockville MD 
  Gun = 2716 
  Net = 45:11* 
  Pace = 437 
  Sex = Female 

Runner object:
  Place = 71
  Div/Total = 7/142
  Num = Jessica Heinze
  Name = 1360
  Age = 29
  Hometown = North Bethesda 
  Gun = M   47:04 
  Net = 2747 
  Pace = 442 
  Sex = Female 

Runner object:
  Place = 80
  Div/Total = 19-Jan
  Num = Chris Craun
  Name = 864
  Age = 60
  Hometown = Bethesda MD 
  Gun = 2952 
  Net = 46:07* 
  Pace = 446 
  Sex = Female 

Runner object:
  Place = 81
  Div/Total = 7/110
  Num = Janis Maloney
  Name = 1798
  Age = 48
  Hometown = Silver Spring M 
  Gun = D   46:14 
  Net = 2770 
  Pace = 446 
  Sex = Female 

Runner object:
  Place = 85
  Div/Total = 9/142
  Num = Amy Davis
  Name = 904
  Age = 25
  Hometown = Ellicott City M 
  Gun = D   47:41 
  Net = 2782 
  Pace = 448 
  Sex = Female 

Runner object:
  Place = 104
  Div/Total = 17/173
  Num = Lynn Zipf
  Name = 2856
  Age = 41
  Hometown = Silver Spring M 
  Gun = D   47:58 
  Net = 2808 
  Pace = 452 
  Sex = Female 

Runner object:
  Place = 116
  Div/Total = 19-Feb
  Num = B. J. King
  Name = 1576
  Age = 61
  Hometown = Crofton MD 
  Gun = 2845 
  Net = 47:21* 
  Pace = 458 
  Sex = Female 

Runner object:
  Place = 120
  Div/Total = 15/173
  Num = Wendy Manning
  Name = 1804
  Age = 33
  Hometown = Silver Spring M 
  Gun = D   50:34 
  Net = 2848 
  Pace = 459 
  Sex = Female 

Runner object:
  Place = 130
  Div/Total = 19/173
  Num = Sara Loschiavo
  Name = 1751
  Age = 30
  Hometown = Silver Spring M 
  Gun = D   47:57 
  Net = 2869 
  Pace = 462 
  Sex = Female 

Runner object:
  Place = 132
  Div/Total = 19-Mar
  Num = Meredith Bonta
  Name = 3312
  Age = 60
  Hometown = Crofton MD 
  Gun = 2888 
  Net = 48:04* 
  Pace = 465 
  Sex = Female 

Runner object:
  Place = 146
  Div/Total = 17/142
  Num = Cecilia Mak
  Name = 1793
  Age = 26
  Hometown = Silver Spring M 
  Gun = D   49:52 
  Net = 2911 
  Pace = 469 
  Sex = Female 

Runner object:
  Place = 153
  Div/Total = 19-Apr
  Num = Dee Nelson
  Name = 2014
  Age = 62
  Hometown = Gaithersburg MD 
  Gun = 2929 
  Net = 48:45* 
  Pace = 471 
  Sex = Female 

Runner object:
  Place = 158
  Div/Total = 20/142
  Num = Kathleen Phelan
  Name = 2147
  Age = 25
  Hometown = North Potomac M 
  Gun = D   50:16 
  Net = 2934 
  Pace = 473 
  Sex = Female 

Runner object:
  Place = 181
  Div/Total = 19-May
  Num = Priscila Prunella
  Name = 22
  Age = 62
  Hometown = Rockville MD 
  Gun = 2969 
  Net = 49:24* 
  Pace = 477 
  Sex = Female 

Runner object:
  Place = 187
  Div/Total = 30/173
  Num = Jean Arthur
  Name = 103
  Age = 43
  Hometown = Silver Spring M 
  Gun = D   50:38 
  Net = 2976 
  Pace = 479 
  Sex = Female 

Runner object:
  Place = 227
  Div/Total = 19-Jun
  Num = Yolanda Perez
  Name = 3291
  Age = 63
  Hometown = Takoma Park MD 
  Gun = 3249 
  Net = 51:02* 
  Pace = 493 
  Sex = Female 

Runner object:
  Place = 237
  Div/Total = 37/173
  Num = Stephanie Willis
  Name = 2787
  Age = 33
  Hometown = Silver Spring M 
  Gun = D   52:29 
  Net = 3078 
  Pace = 496 
  Sex = Female 

Runner object:
  Place = 240
  Div/Total = 25/110
  Num = Nancy Karabaic
  Name = 1520
  Age = 46
  Hometown = Silver Spring M 
  Gun = D   52:43 
  Net = 3079 
  Pace = 496 
  Sex = Female 

Runner object:
  Place = 245
  Div/Total = 39/173
  Num = Elaine Lippmann
  Name = 1732
  Age = 32
  Hometown = Silver Spring M 
  Gun = D   54:40 
  Net = 3087 
  Pace = 497 
  Sex = Female 

Runner object:
  Place = 258
  Div/Total = 29/110
  Num = Maria Cepeda
  Name = 759
  Age = 47
  Hometown = Silver Spring M 
  Gun = D   52:57 
  Net = 3103 
  Pace = 500 
  Sex = Female 

Runner object:
  Place = 282
  Div/Total = 26/86
  Num = Michelle Bahe
  Name = 537
  Age = 23
  Hometown = Silver Spring M 
  Gun = D   55:59 
  Net = 3145 
  Pace = 506 
  Sex = Female 

Runner object:
  Place = 287
  Div/Total = 3-Jan
  Num = Margery Elliott
  Name = 1038
  Age = 73
  Hometown = Bethesda MD 
  Gun = 3155 
  Net = 52:34* 
  Pace = 508 
  Sex = Female 

Runner object:
  Place = 290
  Div/Total = 5-Jan
  Num = Betty Smith
  Name = 2481
  Age = 65
  Hometown = Rockville MD 
  Gun = 3239 
  Net = 52:44* 
  Pace = 510 
  Sex = Female 

Runner object:
  Place = 303
  Div/Total = 47/173
  Num = Laura Boyer
  Name = 647
  Age = 42
  Hometown = Silver Spring M 
  Gun = D   56:54 
  Net = 3181 
  Pace = 512 
  Sex = Female 

Runner object:
  Place = 308
  Div/Total = 49/173
  Num = Lisa Pavia
  Name = 2114
  Age = 41
  Hometown = Silver Spring M 
  Gun = D   56:32 
  Net = 3188 
  Pace = 513 
  Sex = Female 

Runner object:
  Place = 313
  Div/Total = 43/142
  Num = Cortney Riese
  Name = 2278
  Age = 27
  Hometown = Silver Spring M 
  Gun = D   57:22 
  Net = 3196 
  Pace = 515 
  Sex = Female 

Runner object:
  Place = 325
  Div/Total = 48/142
  Num = Sallie Ka Angus
  Name = 488
  Age = 26
  Hometown = Silver Spring M 
  Gun = D   56:41 
  Net = 3206 
  Pace = 516 
  Sex = Female 

Runner object:
  Place = 327
  Div/Total = Dec-76
  Num = Catherine Schuler
  Name = 2387
  Age = 53
  Hometown = Silver Spring M 
  Gun = D   56:51 
  Net = 3207 
  Pace = 517 
  Sex = Female 

Runner object:
  Place = 328
  Div/Total = 51/173
  Num = Suzanne Siguenza
  Name = 2449
  Age = 44
  Hometown = Silver Spring M 
  Gun = D   57:27 
  Net = 3207 
  Pace = 517 
  Sex = Female 

Runner object:
  Place = 334
  Div/Total = 53/173
  Num = Stefanie Powers
  Name = 2183
  Age = 41
  Hometown = Silver Spring M 
  Gun = D   56:36 
  Net = 3210 
  Pace = 517 
  Sex = Female 

Runner object:
  Place = 338
  Div/Total = 74/247
  Num = Nancy Vanderweele
  Name = 2684
  Age = 39
  Hometown = Silver Spring M 
  Gun = D   57:17 
  Net = 3214 
  Pace = 518 
  Sex = Female 

Runner object:
  Place = 344
  Div/Total = 57/173
  Num = Kathleen Lockhart
  Name = 1741
  Age = 43
  Hometown = Silver Spring M 
  Gun = D   57:30 
  Net = 3222 
  Pace = 519 
  Sex = Female 

Runner object:
  Place = 358
  Div/Total = 15/26
  Num = Ashley Barkakati
  Name = 552
  Age = 15
  Hometown = North Potomac M 
  Gun = D   55:18 
  Net = 3232 
  Pace = 521 
  Sex = Female 

Runner object:
  Place = 360
  Div/Total = 55/173
  Num = Leigh Ann Wheaton
  Name = 2765
  Age = 30
  Hometown = Silver Spring M 
  Gun = D   57:54 
  Net = 3238 
  Pace = 522 
  Sex = Female 

Runner object:
  Place = 380
  Div/Total = 15/76
  Num = Sharon Horowitz
  Name = 1403
  Age = 53
  Hometown = Silver Spring M 
  Gun = D   57:46 
  Net = 3259 
  Pace = 525 
  Sex = Female 

Runner object:
  Place = 381
  Div/Total = 57/173
  Num = Christine Rath
  Name = 2233
  Age = 30
  Hometown = Silver Spring M 
  Gun = D   57:22 
  Net = 3260 
  Pace = 525 
  Sex = Female 

Runner object:
  Place = 383
  Div/Total = 15-Apr
  Num = Stefanie Merritt
  Name = 1917
  Age = -1
  Hometown = Alexandria VA 
  Gun = 3333 
  Net = 54:22* 
  Pace = 525 
  Sex = Female 

Runner object:
  Place = 389
  Div/Total = 28-Jun
  Num = Ann Billes
  Name = 604
  Age = 56
  Hometown = Silver Spring M 
  Gun = D   57:54 
  Net = 3272 
  Pace = 527 
  Sex = Female 

Runner object:
  Place = 399
  Div/Total = 95/247
  Num = Karen Murrell
  Name = 1995
  Age = 38
  Hometown = Silver Spring M 
  Gun = D   58:08 
  Net = 3284 
  Pace = 529 
  Sex = Female 

Runner object:
  Place = 403
  Div/Total = 59/173
  Num = Kathleen Shannon
  Name = 412
  Age = 33
  Hometown = Silver Spring M 
  Gun = D   58:16 
  Net = 3294 
  Pace = 530 
  Sex = Female 

Runner object:
  Place = 404
  Div/Total = 41/110
  Num = Amy Lwin
  Name = 1769
  Age = 45
  Hometown = North Potomac M 
  Gun = D   58:41 
  Net = 3294 
  Pace = 531 
  Sex = Female 

Runner object:
  Place = 412
  Div/Total = 59/142
  Num = Meredith Moerschbache
  Name = 2908
  Age = 25
  Hometown = Silver Spring M 
  Gun = D   58:29 
  Net = 3299 
  Pace = 531 
  Sex = Female 

Runner object:
  Place = 419
  Div/Total = 16/26
  Num = Ann Kim
  Name = 1570
  Age = 19
  Hometown = Silver Spring M 
  Gun = D   59:01 
  Net = 3312 
  Pace = 533 
  Sex = Female 

Runner object:
  Place = 421
  Div/Total = 5-Feb
  Num = Tami Graf
  Name = 24
  Age = 69
  Hometown = Lusby MD 
  Gun = 3319 
  Net = 55:14* 
  Pace = 534 
  Sex = Female 

Runner object:
  Place = 427
  Div/Total = 104/247
  Num = Maureen Dewey
  Name = 941
  Age = 36
  Hometown = North Potomac M 
  Gun = D   58:58 
  Net = 3324 
  Pace = 535 
  Sex = Female 

Runner object:
  Place = 432
  Div/Total = 61/142
  Num = Maria F Garcia
  Name = 1189
  Age = 25
  Hometown = Silver Spring M 
  Gun = D   59:08 
  Net = 3326 
  Pace = 536 
  Sex = Female 

Runner object:
  Place = 447
  Div/Total = 64/142
  Num = Christine Sun
  Name = 2584
  Age = 29
  Hometown = Potomac Falls V 
  Gun = A   58:56 
  Net = 3337 
  Pace = 537 
  Sex = Female 

Runner object:
  Place = 465
  Div/Total = 73/173
  Num = Gilda Stubin
  Name = 2575
  Age = 42
  Hometown = Silver Spring M 
  Gun = D   59:21 
  Net = 3346 
  Pace = 539 
  Sex = Female 

Runner object:
  Place = 469
  Div/Total = 74/173
  Num = Bianca Christensen
  Name = 791
  Age = 40
  Hometown = Silver Spring M 
  Gun = D   59:32 
  Net = 3351 
  Pace = 540 
  Sex = Female 

Runner object:
  Place = 471
  Div/Total = 40/86
  Num = Julia Debernardis
  Name = 917
  Age = 24
  Hometown = Silver Spring M 
  Gun = D   59:08 
  Net = 3353 
  Pace = 540 
  Sex = Female 

Runner object:
  Place = 475
  Div/Total = 68/142
  Num = Kristi Martinsen
  Name = 1829
  Age = 26
  Hometown = Silver Spring M 
  Gun = D   59:55 
  Net = 3360 
  Pace = 541 
  Sex = Female 

Runner object:
  Place = 483
  Div/Total = 46/110
  Num = Karen Whitesell
  Name = 2772
  Age = 46
  Hometown = North Potomac M 
  Gun = D   59:57 
  Net = 3369 
  Pace = 543 
  Sex = Female 

Runner object:
  Place = 484
  Div/Total = 47/110
  Num = Kc Kleinman
  Name = 1594
  Age = 45
  Hometown = Silver Spring M 
  Gun = D   59:09 
  Net = 3369 
  Pace = 543 
  Sex = Female 

Runner object:
  Place = 493
  Div/Total = 78/173
  Num = Brett Crawford
  Name = 865
  Age = 40
  Hometown = Silver Spring M 
  Gun = D   59:51 
  Net = 3387 
  Pace = 545 
  Sex = Female 

Runner object:
  Place = 500
  Div/Total = 120/247
  Num = Sarah Davis
  Name = 906
  Age = 37
  Hometown = Silver Spring M 
  Gun = D 1:00:17 
  Net = 3393 
  Pace = 546 
  Sex = Female 

Runner object:
  Place = 505
  Div/Total = 83/173
  Num = Gretchen Stiers
  Name = 2558
  Age = 43
  Hometown = Silver Spring M 
  Gun = D 1:00:11 
  Net = 3401 
  Pace = 548 
  Sex = Female 

Runner object:
  Place = 519
  Div/Total = 19-Sep
  Num = Mary Mccann
  Name = 2886
  Age = 62
  Hometown = Silver Spring M 
  Gun = D 1:02:14 
  Net = 3419 
  Pace = 551 
  Sex = Female 

Runner object:
  Place = 523
  Div/Total = 87/173
  Num = Suzanne Carrillo
  Name = 741
  Age = 44
  Hometown = North Potomac M 
  Gun = D 1:00:49 
  Net = 3422 
  Pace = 551 
  Sex = Female 

Runner object:
  Place = 532
  Div/Total = 75/142
  Num = Cindy Zeldin
  Name = 2846
  Age = 29
  Hometown = North Bethesda 
  Gun = M 1:01:09 
  Net = 3440 
  Pace = 554 
  Sex = Female 

Runner object:
  Place = 555
  Div/Total = 86/173
  Num = Amy Kiger
  Name = 1564
  Age = 34
  Hometown = Silver Spring M 
  Gun = D 1:01:39 
  Net = 3474 
  Pace = 560 
  Sex = Female 

Runner object:
  Place = 560
  Div/Total = 132/247
  Num = Theresa Avila Curtis
  Name = 526
  Age = 36
  Hometown = Silver Spring M 
  Gun = D 1:02:02 
  Net = 3481 
  Pace = 561 
  Sex = Female 

Runner object:
  Place = 577
  Div/Total = 90/173
  Num = Theresa Han
  Name = 1321
  Age = 33
  Hometown = North Potomac M 
  Gun = D 1:01:20 
  Net = 3498 
  Pace = 563 
  Sex = Female 

Runner object:
  Place = 600
  Div/Total = 59/110
  Num = Regina Flagg
  Name = 1112
  Age = 45
  Hometown = Silver Spring M 
  Gun = D 1:01:47 
  Net = 3518 
  Pace = 567 
  Sex = Female 

Runner object:
  Place = 603
  Div/Total = 60/110
  Num = Carolyn Dimitri
  Name = 960
  Age = 46
  Hometown = Silver Spring M 
  Gun = D 1:02:42 
  Net = 3521 
  Pace = 567 
  Sex = Female 

Runner object:
  Place = 607
  Div/Total = 100/173
  Num = Dana Dosik
  Name = 992
  Age = 40
  Hometown = Silver Spring M 
  Gun = D   59:54 
  Net = 3524 
  Pace = 567 
  Sex = Female 

Runner object:
  Place = 613
  Div/Total = 102/173
  Num = Jodi Steagal
  Name = 2881
  Age = 40
  Hometown = Ellicott City M 
  Gun = D 1:02:40 
  Net = 3533 
  Pace = 569 
  Sex = Female 

Runner object:
  Place = 614
  Div/Total = 103/173
  Num = Shantha Moses
  Name = 1968
  Age = 44
  Hometown = Silver Spring M 
  Gun = D 1:03:59 
  Net = 3534 
  Pace = 569 
  Sex = Female 

Runner object:
  Place = 624
  Div/Total = 61/110
  Num = Jane Taylor
  Name = 2606
  Age = 46
  Hometown = Silver Spring M 
  Gun = D 1:02:49 
  Net = 3540 
  Pace = 570 
  Sex = Female 

Runner object:
  Place = 629
  Div/Total = 95/173
  Num = Jennifer Pak
  Name = 2089
  Age = 30
  Hometown = Silver Spring M 
  Gun = D 1:02:26 
  Net = 3542 
  Pace = 570 
  Sex = Female 

Runner object:
  Place = 631
  Div/Total = 96/173
  Num = Marlo Brown
  Name = 680
  Age = 30
  Hometown = Silver Spring M 
  Gun = D 1:04:11 
  Net = 3545 
  Pace = 571 
  Sex = Female 

Runner object:
  Place = 645
  Div/Total = 32/76
  Num = Becky Gatwood
  Name = 1195
  Age = 54
  Hometown = Silver Spring M 
  Gun = D 1:02:37 
  Net = 3554 
  Pace = 572 
  Sex = Female 

Runner object:
  Place = 657
  Div/Total = 152/247
  Num = Christy Keller
  Name = 1540
  Age = 35
  Hometown = Silver Spring M 
  Gun = D 1:02:34 
  Net = 3563 
  Pace = 574 
  Sex = Female 

Runner object:
  Place = 662
  Div/Total = 90/142
  Num = Kathleen Spain
  Name = 2521
  Age = 28
  Hometown = Silver Spring M 
  Gun = D 1:03:05 
  Net = 3566 
  Pace = 574 
  Sex = Female 

Runner object:
  Place = 665
  Div/Total = 155/247
  Num = Jessica Adams
  Name = 440
  Age = 36
  Hometown = Silver Spring M 
  Gun = D 1:03:02 
  Net = 3571 
  Pace = 575 
  Sex = Female 

Runner object:
  Place = 669
  Div/Total = 55/86
  Num = Rosemary Frey
  Name = 1154
  Age = 24
  Hometown = Silver Spring M 
  Gun = D 1:03:19 
  Net = 3574 
  Pace = 576 
  Sex = Female 

Runner object:
  Place = 670
  Div/Total = 56/86
  Num = Susan Nyhus
  Name = 2043
  Age = 23
  Hometown = Silver Spring M 
  Gun = D 1:03:19 
  Net = 3574 
  Pace = 576 
  Sex = Female 

Runner object:
  Place = 675
  Div/Total = 115/173
  Num = Katherine Kemper-Dean
  Name = 1549
  Age = 43
  Hometown = Silver Spring M 
  Gun = D 1:03:38 
  Net = 3578 
  Pace = 576 
  Sex = Female 

Runner object:
  Place = 685
  Div/Total = 105/173
  Num = Candy Boparai
  Name = 639
  Age = 32
  Hometown = Silver Spring M 
  Gun = D 1:03:00 
  Net = 3590 
  Pace = 578 
  Sex = Female 

Runner object:
  Place = 693
  Div/Total = 162/247
  Num = Tiffanny Williams
  Name = 2783
  Age = 37
  Hometown = Silver Spring M 
  Gun = D 1:03:58 
  Net = 3596 
  Pace = 579 
  Sex = Female 

Runner object:
  Place = 704
  Div/Total = 58/86
  Num = Allison Chin
  Name = 786
  Age = 22
  Hometown = Silver Spring M 
  Gun = D 1:03:20 
  Net = 60 
  Pace = 580 
  Sex = Female 

Runner object:
  Place = 705
  Div/Total = 15-Oct
  Num = Arminda Lima
  Name = 1726
  Age = 1
  Hometown = Silver Spring M 
  Gun = D 1:03:47 
  Net = 60 
  Pace = 581 
  Sex = Female 

Runner object:
  Place = 709
  Div/Total = 169/247
  Num = Debra Saltz
  Name = 2356
  Age = 38
  Hometown = Ellicott City M 
  Gun = D 1:03:30 
  Net = 60 
  Pace = 582 
  Sex = Female 

Runner object:
  Place = 715
  Div/Total = 170/247
  Num = Lara Hogston
  Name = 1384
  Age = 37
  Hometown = Silver Spring M 
  Gun = D 1:04:18 
  Net = 60 
  Pace = 583 
  Sex = Female 

Runner object:
  Place = 722
  Div/Total = 96/142
  Num = Heather Walenga
  Name = 2708
  Age = 26
  Hometown = Silver Spring M 
  Gun = D 1:04:24 
  Net = 60 
  Pace = 585 
  Sex = Female 

Runner object:
  Place = 726
  Div/Total = 124/173
  Num = Sandra Lemaire
  Name = 236
  Age = 44
  Hometown = Silver Spring M 
  Gun = D 1:04:38 
  Net = 60 
  Pace = 586 
  Sex = Female 

Runner object:
  Place = 728
  Div/Total = 13/19
  Num = Karen Kautz
  Name = 1536
  Age = 62
  Hometown = Silver Spring M 
  Gun = D 1:04:15 
  Net = 60 
  Pace = 586 
  Sex = Female 

Runner object:
  Place = 735
  Div/Total = 125/173
  Num = Christina Spiezio
  Name = 2531
  Age = 41
  Hometown = Silver Spring M 
  Gun = D 1:06:12 
  Net = 61 
  Pace = 589 
  Sex = Female 

Runner object:
  Place = 736
  Div/Total = 39/76
  Num = Dianne Fisher
  Name = 1108
  Age = 51
  Hometown = Silver Spring M 
  Gun = D 1:06:14 
  Net = 61 
  Pace = 589 
  Sex = Female 

Runner object:
  Place = 750
  Div/Total = 128/173
  Num = Julie Rasicot
  Name = 2232
  Age = 42
  Hometown = Silver Spring M 
  Gun = D 1:06:27 
  Net = 61 
  Pace = 592 
  Sex = Female 

Runner object:
  Place = 754
  Div/Total = 117/173
  Num = Lee Read
  Name = 2243
  Age = 33
  Hometown = Silver Spring M 
  Gun = D 1:04:54 
  Net = 61 
  Pace = 593 
  Sex = Female 

Runner object:
  Place = 763
  Div/Total = 23/26
  Num = Julieta Heldenbrand
  Name = 1361
  Age = 17
  Hometown = Silver Spring M 
  Gun = D 1:05:14 
  Net = 61 
  Pace = 595 
  Sex = Female 

Runner object:
  Place = 765
  Div/Total = 182/247
  Num = Sheila Carmines
  Name = 734
  Age = 39
  Hometown = Silver Spring M 
  Gun = D 1:05:10 
  Net = 61 
  Pace = 595 
  Sex = Female 

Runner object:
  Place = 768
  Div/Total = 42/76
  Num = Maria Triantis
  Name = 2655
  Age = 53
  Hometown = Silver Spring M 
  Gun = D 1:05:36 
  Net = 61 
  Pace = 595 
  Sex = Female 

Runner object:
  Place = 776
  Div/Total = 131/173
  Num = Thien-Kim Pham
  Name = 2146
  Age = 43
  Hometown = Silver Spring M 
  Gun = D 1:06:58 
  Net = 61 
  Pace = 598 
  Sex = Female 

Runner object:
  Place = 812
  Div/Total = 194/247
  Num = Leslie Cohen
  Name = 821
  Age = 38
  Hometown = North Potomac M 
  Gun = D 1:06:07 
  Net = 63 
  Pace = 609 
  Sex = Female 

Runner object:
  Place = 825
  Div/Total = 28-Nov
  Num = Maida Tryon
  Name = 2659
  Age = 58
  Hometown = Silver Spring M 
  Gun = D 1:08:38 
  Net = 63 
  Pace = 614 
  Sex = Female 

Runner object:
  Place = 827
  Div/Total = 125/173
  Num = Monica Faucette
  Name = 1083
  Age = 33
  Hometown = Silver Spring M 
  Gun = D 1:07:10 
  Net = 63 
  Pace = 615 
  Sex = Female 

Runner object:
  Place = 839
  Div/Total = 111/142
  Num = Doris Shim
  Name = 2435
  Age = 28
  Hometown = Silver Spring M 
  Gun = D 1:08:03 
  Net = 63 
  Pace = 618 
  Sex = Female 

Runner object:
  Place = 846
  Div/Total = 86/110
  Num = Donna St. George
  Name = 2538
  Age = 45
  Hometown = North Bethesda 
  Gun = M 1:08:05 
  Net = 64 
  Pace = 620 
  Sex = Female 

Runner object:
  Place = 847
  Div/Total = 3-Feb
  Num = Betty Dameron
  Name = 890
  Age = 70
  Hometown = Fredericksburg 
  Gun = V 1:04:19 
  Net = 1:04:13* 
  Pace = 621 
  Sex = Female 

Runner object:
  Place = 854
  Div/Total = 52/76
  Num = Trish Koch
  Name = 1606
  Age = 52
  Hometown = Silver Spring M 
  Gun = D 1:08:33 
  Net = 64 
  Pace = 623 
  Sex = Female 

Runner object:
  Place = 865
  Div/Total = 204/247
  Num = Heather Brown
  Name = 426
  Age = 35
  Hometown = Hendersonville 
  Gun = N 1:08:39 
  Net = 64 
  Pace = 626 
  Sex = Female 

Runner object:
  Place = 874
  Div/Total = 71/86
  Num = Nathasha Lim
  Name = 1723
  Age = 23
  Hometown = Silver Spring M 
  Gun = D 1:10:11 
  Net = 65 
  Pace = 628 
  Sex = Female 

Runner object:
  Place = 875
  Div/Total = 72/86
  Num = Kimberly Nguyen
  Name = 2025
  Age = 24
  Hometown = Silver Spring M 
  Gun = D 1:10:12 
  Net = 65 
  Pace = 628 
  Sex = Female 

Runner object:
  Place = 879
  Div/Total = 143/173
  Num = Leslie Brown
  Name = 683
  Age = 40
  Hometown = Silver Spring M 
  Gun = D 1:10:26 
  Net = 65 
  Pace = 630 
  Sex = Female 

Runner object:
  Place = 885
  Div/Total = 117/142
  Num = Lisa Wright
  Name = 2817
  Age = 28
  Hometown = Silver Spring M 
  Gun = D 1:09:23 
  Net = 65 
  Pace = 632 
  Sex = Female 

Runner object:
  Place = 895
  Div/Total = 208/247
  Num = Heather Nathans
  Name = 3338
  Age = 37
  Hometown = Silver Spring M 
  Gun = D 1:10:45 
  Net = 65 
  Pace = 634 
  Sex = Female 

Runner object:
  Place = 897
  Div/Total = 25/26
  Num = Nataly Rodriguez
  Name = 2296
  Age = 16
  Hometown = Silver Spring M 
  Gun = D 1:09:24 
  Net = 65 
  Pace = 635 
  Sex = Female 

Runner object:
  Place = 911
  Div/Total = 139/173
  Num = Tanya Alteras
  Name = 466
  Age = 33
  Hometown = Silver Spring M 
  Gun = D 1:10:06 
  Net = 66 
  Pace = 640 
  Sex = Female 

Runner object:
  Place = 918
  Div/Total = 148/173
  Num = Lauri Schlo
  Name = 3222
  Age = 42
  Hometown = Ellicott City M 
  Gun = D 1:10:18 
  Net = 66 
  Pace = 642 
  Sex = Female 

Runner object:
  Place = 919
  Div/Total = 149/173
  Num = Vicki Aylor
  Name = 530
  Age = 44
  Hometown = Silver Spring M 
  Gun = D 1:10:18 
  Net = 66 
  Pace = 642 
  Sex = Female 

Runner object:
  Place = 931
  Div/Total = 143/173
  Num = Jocelyn Leatherwood
  Name = 1672
  Age = 30
  Hometown = North Potomac M 
  Gun = D 1:11:58 
  Net = 66 
  Pace = 646 
  Sex = Female 

Runner object:
  Place = 935
  Div/Total = 123/142
  Num = Elaine Wong
  Name = 2806
  Age = 26
  Hometown = Silver Spring M 
  Gun = D 1:11:00 
  Net = 66 
  Pace = 647 
  Sex = Female 

Runner object:
  Place = 936
  Div/Total = 5-Mar
  Num = Evansmore Jean
  Name = 1469
  Age = 65
  Hometown = Ellicott City M 
  Gun = D 1:12:26 
  Net = 67 
  Pace = 648 
  Sex = Female 

Runner object:
  Place = 947
  Div/Total = 146/173
  Num = Naomi Dyer
  Name = 1017
  Age = 33
  Hometown = North Bethesda 
  Gun = M 1:11:12 
  Net = 67 
  Pace = 652 
  Sex = Female 

Runner object:
  Place = 949
  Div/Total = 56/76
  Num = Karen Blass
  Name = 616
  Age = 52
  Hometown = North Bethesda 
  Gun = M 1:12:56 
  Net = 67 
  Pace = 656 
  Sex = Female 

Runner object:
  Place = 960
  Div/Total = 218/247
  Num = Bernadett Sylvester
  Name = 2589
  Age = 35
  Hometown = Silver Spring M 
  Gun = D 1:13:18 
  Net = 68 
  Pace = 659 
  Sex = Female 

Runner object:
  Place = 975
  Div/Total = 58/76
  Num = Ellie Laumark
  Name = 179
  Age = 54
  Hometown = Silver Spring M 
  Gun = D 1:14:27 
  Net = 69 
  Pace = 671 
  Sex = Female 

Runner object:
  Place = 980
  Div/Total = 
  Num = Susan Rasmussen
  Name = 2843
  Age = 
  Hometown = Gaithersburg MD 
  Gun = 74 
  Net = 69 
  Pace = 672 
  Sex = Female 

Runner object:
  Place = 984
  Div/Total = 59/76
  Num = Christina Caravoulias
  Name = 123
  Age = 51
  Hometown = Silver Spring M 
  Gun = D 1:14:52 
  Net = 69 
  Pace = 674 
  Sex = Female 

Runner object:
  Place = 990
  Div/Total = 83/86
  Num = Jennifer Yuen
  Name = 2837
  Age = 23
  Hometown = Silver Spring M 
  Gun = D 1:13:42 
  Net = 69 
  Pace = 676 
  Sex = Female 

Runner object:
  Place = 993
  Div/Total = 84/86
  Num = Tara Nesvaderani
  Name = 2017
  Age = 22
  Hometown = Silver Spring M 
  Gun = D 1:13:35 
  Net = 70 
  Pace = 677 
  Sex = Female 

Runner object:
  Place = 1005
  Div/Total = 101/110
  Num = Karen Mathias
  Name = 1840
  Age = 46
  Hometown = Silver Spring M 
  Gun = D 1:16:16 
  Net = 71 
  Pace = 687 
  Sex = Female 

Runner object:
  Place = 1009
  Div/Total = 15/15
  Num = Susan Mackey
  Name = 1778
  Age = -1
  Hometown = North Potomac M 
  Gun = D 1:16:36 
  Net = 1:11:18* 
  Pace = 689 
  Sex = Female 

Runner object:
  Place = 1011
  Div/Total = 226/247
  Num = Renee Chen
  Name = 777
  Age = 36
  Hometown = Silver Spring M 
  Gun = D 1:16:32 
  Net = 71 
  Pace = 689 
  Sex = Female 

Runner object:
  Place = 1016
  Div/Total = 63/76
  Num = Jan Bussler
  Name = 701
  Age = 50
  Hometown = Silver Spring M 
  Gun = D 1:17:26 
  Net = 72 
  Pace = 697 
  Sex = Female 

Runner object:
  Place = 1018
  Div/Total = 229/247
  Num = Karla Gutierrez
  Name = 1299
  Age = 35
  Hometown = Silver Spring M 
  Gun = D 1:15:57 
  Net = 72 
  Pace = 699 
  Sex = Female 

Runner object:
  Place = 1024
  Div/Total = 133/142
  Num = Angela Mitchell
  Name = 1940
  Age = 25
  Hometown = Silver Spring M 
  Gun = D 1:17:59 
  Net = 72 
  Pace = 704 
  Sex = Female 

Runner object:
  Place = 1039
  Div/Total = 234/247
  Num = Suni Edson
  Name = 1024
  Age = 35
  Hometown = Silver Spring M 
  Gun = D 1:18:35 
  Net = 73 
  Pace = 711 
  Sex = Female 

Runner object:
  Place = 1042
  Div/Total = 136/142
  Num = Paula Simon
  Name = 2454
  Age = 27
  Hometown = Silver Spring M 
  Gun = D 1:19:05 
  Net = 73 
  Pace = 713 
  Sex = Female 

Runner object:
  Place = 1046
  Div/Total = 162/173
  Num = Katherine Kadin
  Name = 1505
  Age = 31
  Hometown = North Bethesda 
  Gun = M 1:17:45 
  Net = 73 
  Pace = 715 
  Sex = Female 

Runner object:
  Place = 1058
  Div/Total = 168/173
  Num = Caroline Ige
  Name = 1437
  Age = 44
  Hometown = Silver Spring M 
  Gun = D 1:20:17 
  Net = 76 
  Pace = 740 
  Sex = Female 

Runner object:
  Place = 1063
  Div/Total = 236/247
  Num = Susanne Woodlan
  Name = 2811
  Age = 39
  Hometown = Silver Spring M 
  Gun = D 1:22:06 
  Net = 77 
  Pace = 744 
  Sex = Female 

Runner object:
  Place = 1073
  Div/Total = 139/142
  Num = Tina Wong
  Name = 2805
  Age = 28
  Hometown = Silver Spring M 
  Gun = D 1:22:53 
  Net = 78 
  Pace = 761 
  Sex = Female 

Runner object:
  Place = 1079
  Div/Total = 172/173
  Num = Taiwo Oki
  Name = 2058
  Age = 43
  Hometown = Silver Spring M 
  Gun = D 1:24:44 
  Net = 81 
  Pace = 783 
  Sex = Female 

Runner object:
  Place = 1080
  Div/Total = 85/86
  Num = Hiva Nesvaderani
  Name = 2016
  Age = 23
  Hometown = Silver Spring M 
  Gun = D 1:24:38 
  Net = 81 
  Pace = 784 
  Sex = Female 

Runner object:
  Place = 1083
  Div/Total = 168/173
  Num = Althea Raiford
  Name = 2219
  Age = 34
  Hometown = Silver Spring M 
  Gun = D 1:25:50 
  Net = 82 
  Pace = 793 
  Sex = Female 

Runner object:
  Place = 1084
  Div/Total = 173/173
  Num = Veronica Thurmond
  Name = 2989
  Age = 43
  Hometown = Silver Spring M 
  Gun = D 1:26:24 
  Net = 82 
  Pace = 799 
  Sex = Female 

Runner object:
  Place = 1090
  Div/Total = 86/86
  Num = Melanie Gomez
  Name = 1252
  Age = 21
  Hometown = Silver Spring M 
  Gun = D 1:27:38 
  Net = 86 
  Pace = 836 
  Sex = Female 

Runner object:
  Place = 1091
  Div/Total = 241/247
  Num = Leyla Diaz
  Name = 943
  Age = 36
  Hometown = Silver Spring M 
  Gun = D 1:37:00 
  Net = 91 
  Pace = 885 
  Sex = Female 

Runner object:
  Place = 1098
  Div/Total = 245/247
  Num = Marci Thomas
  Name = 2627
  Age = 35
  Hometown = Silver Spring M 
  Gun = D 1:43:36 
  Net = 98 
  Pace = 949 
  Sex = Female 

Runner object:
  Place = 1099
  Div/Total = 246/247
  Num = Yvonne Savage
  Name = 93
  Age = 39
  Hometown = Silver Spring M 
  Gun = D 1:44:08 
  Net = 98 
  Pace = 954 
  Sex = Female 

Runner object:
  Place = 1100
  Div/Total = 19/19
  Num = Rani Simon
  Name = 2458
  Age = 61
  Hometown = Silver Spring M 
  Gun = D 1:44:10 
  Net = 99 
  Pace = 957 
  Sex = Female 

Runner object:
  Place = 1103
  Div/Total = 171/173
  Num = Nirmala Donley
  Name = 986
  Age = 32
  Hometown = Ellicott City M 
  Gun = D 1:50:31 
  Net = 105 
  Pace = 1018 
  Sex = Female 

Invalid Female Runners Count: 159
